ARM GAS  C:\Users\ryant\AppData\Local\Temp\ccxM225d.s 			page 1


   1              		.syntax unified
   2              		.cpu cortex-m3
   3              		.fpu softvfp
   4              		.eabi_attribute 20, 1
   5              		.eabi_attribute 21, 1
   6              		.eabi_attribute 23, 3
   7              		.eabi_attribute 24, 1
   8              		.eabi_attribute 25, 1
   9              		.eabi_attribute 26, 1
  10              		.eabi_attribute 30, 1
  11              		.eabi_attribute 34, 1
  12              		.eabi_attribute 18, 4
  13              		.thumb
  14              		.syntax unified
  15              		.file	"cymetadata.c"
  16              		.text
  17              	.Ltext0:
  18              		.cfi_sections	.debug_frame
  19              		.global	cy_metadata
  20              		.global	cy_meta_flashprotect
  21              		.global	cy_meta_wonvl
  22              		.global	cy_meta_custnvl
  23              		.global	cy_meta_configecc
  24              		.section	.cyconfigecc,"a",%progbits
  25              		.align	2
  26              		.type	cy_meta_configecc, %object
  27              		.size	cy_meta_configecc, 1896
  28              	cy_meta_configecc:
  29 0000 02       		.byte	2
  30 0001 4F       		.byte	79
  31 0002 00       		.byte	0
  32 0003 40       		.byte	64
  33 0004 05       		.byte	5
  34 0005 52       		.byte	82
  35 0006 00       		.byte	0
  36 0007 40       		.byte	64
  37 0008 06       		.byte	6
  38 0009 64       		.byte	100
  39 000a 00       		.byte	0
  40 000b 40       		.byte	64
  41 000c 05       		.byte	5
  42 000d 01       		.byte	1
  43 000e 01       		.byte	1
  44 000f 40       		.byte	64
  45 0010 51       		.byte	81
  46 0011 02       		.byte	2
  47 0012 01       		.byte	1
  48 0013 40       		.byte	64
  49 0014 38       		.byte	56
  50 0015 03       		.byte	3
  51 0016 01       		.byte	1
  52 0017 40       		.byte	64
  53 0018 45       		.byte	69
  54 0019 04       		.byte	4
  55 001a 01       		.byte	1
  56 001b 40       		.byte	64
  57 001c 24       		.byte	36
ARM GAS  C:\Users\ryant\AppData\Local\Temp\ccxM225d.s 			page 2


  58 001d 05       		.byte	5
  59 001e 01       		.byte	1
  60 001f 40       		.byte	64
  61 0020 04       		.byte	4
  62 0021 06       		.byte	6
  63 0022 01       		.byte	1
  64 0023 40       		.byte	64
  65 0024 04       		.byte	4
  66 0025 07       		.byte	7
  67 0026 01       		.byte	1
  68 0027 40       		.byte	64
  69 0028 08       		.byte	8
  70 0029 09       		.byte	9
  71 002a 01       		.byte	1
  72 002b 40       		.byte	64
  73 002c 4D       		.byte	77
  74 002d 0A       		.byte	10
  75 002e 01       		.byte	1
  76 002f 40       		.byte	64
  77 0030 32       		.byte	50
  78 0031 0B       		.byte	11
  79 0032 01       		.byte	1
  80 0033 40       		.byte	64
  81 0034 06       		.byte	6
  82 0035 0C       		.byte	12
  83 0036 01       		.byte	1
  84 0037 40       		.byte	64
  85 0038 3F       		.byte	63
  86 0039 0D       		.byte	13
  87 003a 01       		.byte	1
  88 003b 40       		.byte	64
  89 003c 4F       		.byte	79
  90 003d 0E       		.byte	14
  91 003e 01       		.byte	1
  92 003f 40       		.byte	64
  93 0040 31       		.byte	49
  94 0041 0F       		.byte	15
  95 0042 01       		.byte	1
  96 0043 40       		.byte	64
  97 0044 01       		.byte	1
  98 0045 15       		.byte	21
  99 0046 01       		.byte	1
 100 0047 40       		.byte	64
 101 0048 06       		.byte	6
 102 0049 19       		.byte	25
 103 004a 01       		.byte	1
 104 004b 40       		.byte	64
 105 004c 31       		.byte	49
 106 004d 1A       		.byte	26
 107 004e 01       		.byte	1
 108 004f 40       		.byte	64
 109 0050 28       		.byte	40
 110 0051 1B       		.byte	27
 111 0052 01       		.byte	1
 112 0053 40       		.byte	64
 113 0054 19       		.byte	25
 114 0055 40       		.byte	64
ARM GAS  C:\Users\ryant\AppData\Local\Temp\ccxM225d.s 			page 3


 115 0056 01       		.byte	1
 116 0057 40       		.byte	64
 117 0058 08       		.byte	8
 118 0059 41       		.byte	65
 119 005a 01       		.byte	1
 120 005b 40       		.byte	64
 121 005c 0D       		.byte	13
 122 005d 42       		.byte	66
 123 005e 01       		.byte	1
 124 005f 40       		.byte	64
 125 0060 08       		.byte	8
 126 0061 43       		.byte	67
 127 0062 01       		.byte	1
 128 0063 40       		.byte	64
 129 0064 08       		.byte	8
 130 0065 44       		.byte	68
 131 0066 01       		.byte	1
 132 0067 40       		.byte	64
 133 0068 04       		.byte	4
 134 0069 45       		.byte	69
 135 006a 01       		.byte	1
 136 006b 40       		.byte	64
 137 006c 06       		.byte	6
 138 006d 46       		.byte	70
 139 006e 01       		.byte	1
 140 006f 40       		.byte	64
 141 0070 03       		.byte	3
 142 0071 47       		.byte	71
 143 0072 01       		.byte	1
 144 0073 40       		.byte	64
 145 0074 04       		.byte	4
 146 0075 48       		.byte	72
 147 0076 01       		.byte	1
 148 0077 40       		.byte	64
 149 0078 03       		.byte	3
 150 0079 49       		.byte	73
 151 007a 01       		.byte	1
 152 007b 40       		.byte	64
 153 007c 04       		.byte	4
 154 007d 4D       		.byte	77
 155 007e 01       		.byte	1
 156 007f 40       		.byte	64
 157 0080 07       		.byte	7
 158 0081 50       		.byte	80
 159 0082 01       		.byte	1
 160 0083 40       		.byte	64
 161 0084 03       		.byte	3
 162 0085 51       		.byte	81
 163 0086 01       		.byte	1
 164 0087 40       		.byte	64
 165 0088 01       		.byte	1
 166 0089 80       		.byte	-128
 167 008a 0A       		.byte	10
 168 008b 2D       		.byte	45
 169 008c 20       		.byte	32
 170 008d 15       		.byte	21
 171 008e 21       		.byte	33
ARM GAS  C:\Users\ryant\AppData\Local\Temp\ccxM225d.s 			page 4


 172 008f 14       		.byte	20
 173 0090 30       		.byte	48
 174 0091 40       		.byte	64
 175 0092 31       		.byte	49
 176 0093 08       		.byte	8
 177 0094 34       		.byte	52
 178 0095 01       		.byte	1
 179 0096 83       		.byte	-125
 180 0097 0F       		.byte	15
 181 0098 85       		.byte	-123
 182 0099 0D       		.byte	13
 183 009a 8B       		.byte	-117
 184 009b 0F       		.byte	15
 185 009c 8D       		.byte	-115
 186 009d 72       		.byte	114
 187 009e 8E       		.byte	-114
 188 009f 38       		.byte	56
 189 00a0 8F       		.byte	-113
 190 00a1 0D       		.byte	13
 191 00a2 80       		.byte	-128
 192 00a3 40       		.byte	64
 193 00a4 85       		.byte	-123
 194 00a5 40       		.byte	64
 195 00a6 89       		.byte	-119
 196 00a7 20       		.byte	32
 197 00a8 E0       		.byte	-32
 198 00a9 20       		.byte	32
 199 00aa E2       		.byte	-30
 200 00ab 04       		.byte	4
 201 00ac 03       		.byte	3
 202 00ad 02       		.byte	2
 203 00ae 08       		.byte	8
 204 00af 01       		.byte	1
 205 00b0 15       		.byte	21
 206 00b1 02       		.byte	2
 207 00b2 21       		.byte	33
 208 00b3 04       		.byte	4
 209 00b4 29       		.byte	41
 210 00b5 03       		.byte	3
 211 00b6 32       		.byte	50
 212 00b7 01       		.byte	1
 213 00b8 33       		.byte	51
 214 00b9 01       		.byte	1
 215 00ba 35       		.byte	53
 216 00bb 02       		.byte	2
 217 00bc 37       		.byte	55
 218 00bd 04       		.byte	4
 219 00be 3E       		.byte	62
 220 00bf 04       		.byte	4
 221 00c0 3F       		.byte	63
 222 00c1 50       		.byte	80
 223 00c2 40       		.byte	64
 224 00c3 42       		.byte	66
 225 00c4 41       		.byte	65
 226 00c5 05       		.byte	5
 227 00c6 42       		.byte	66
 228 00c7 03       		.byte	3
ARM GAS  C:\Users\ryant\AppData\Local\Temp\ccxM225d.s 			page 5


 229 00c8 49       		.byte	73
 230 00c9 FF       		.byte	-1
 231 00ca 4A       		.byte	74
 232 00cb FF       		.byte	-1
 233 00cc 4B       		.byte	75
 234 00cd FF       		.byte	-1
 235 00ce 4F       		.byte	79
 236 00cf 01       		.byte	1
 237 00d0 50       		.byte	80
 238 00d1 18       		.byte	24
 239 00d2 52       		.byte	82
 240 00d3 80       		.byte	-128
 241 00d4 58       		.byte	88
 242 00d5 04       		.byte	4
 243 00d6 59       		.byte	89
 244 00d7 04       		.byte	4
 245 00d8 5A       		.byte	90
 246 00d9 04       		.byte	4
 247 00da 5B       		.byte	91
 248 00db 04       		.byte	4
 249 00dc 5C       		.byte	92
 250 00dd 30       		.byte	48
 251 00de 5D       		.byte	93
 252 00df 33       		.byte	51
 253 00e0 5F       		.byte	95
 254 00e1 01       		.byte	1
 255 00e2 60       		.byte	96
 256 00e3 40       		.byte	64
 257 00e4 62       		.byte	98
 258 00e5 40       		.byte	64
 259 00e6 64       		.byte	100
 260 00e7 40       		.byte	64
 261 00e8 65       		.byte	101
 262 00e9 40       		.byte	64
 263 00ea 66       		.byte	102
 264 00eb 80       		.byte	-128
 265 00ec 68       		.byte	104
 266 00ed 80       		.byte	-128
 267 00ee 6A       		.byte	106
 268 00ef 80       		.byte	-128
 269 00f0 6C       		.byte	108
 270 00f1 80       		.byte	-128
 271 00f2 6E       		.byte	110
 272 00f3 80       		.byte	-128
 273 00f4 84       		.byte	-124
 274 00f5 07       		.byte	7
 275 00f6 8C       		.byte	-116
 276 00f7 04       		.byte	4
 277 00f8 8F       		.byte	-113
 278 00f9 01       		.byte	1
 279 00fa 9B       		.byte	-101
 280 00fb 04       		.byte	4
 281 00fc 9E       		.byte	-98
 282 00fd 06       		.byte	6
 283 00fe 9F       		.byte	-97
 284 00ff 02       		.byte	2
 285 0100 A2       		.byte	-94
ARM GAS  C:\Users\ryant\AppData\Local\Temp\ccxM225d.s 			page 6


 286 0101 09       		.byte	9
 287 0102 A9       		.byte	-87
 288 0103 02       		.byte	2
 289 0104 AF       		.byte	-81
 290 0105 04       		.byte	4
 291 0106 B1       		.byte	-79
 292 0107 03       		.byte	3
 293 0108 B4       		.byte	-76
 294 0109 0C       		.byte	12
 295 010a B6       		.byte	-74
 296 010b 03       		.byte	3
 297 010c B7       		.byte	-73
 298 010d 04       		.byte	4
 299 010e BF       		.byte	-65
 300 010f 40       		.byte	64
 301 0110 C0       		.byte	-64
 302 0111 52       		.byte	82
 303 0112 C1       		.byte	-63
 304 0113 01       		.byte	1
 305 0114 C2       		.byte	-62
 306 0115 03       		.byte	3
 307 0116 C5       		.byte	-59
 308 0117 EC       		.byte	-20
 309 0118 C6       		.byte	-58
 310 0119 20       		.byte	32
 311 011a C8       		.byte	-56
 312 011b 0B       		.byte	11
 313 011c C9       		.byte	-55
 314 011d FF       		.byte	-1
 315 011e CA       		.byte	-54
 316 011f FF       		.byte	-1
 317 0120 CB       		.byte	-53
 318 0121 FF       		.byte	-1
 319 0122 CD       		.byte	-51
 320 0123 83       		.byte	-125
 321 0124 CE       		.byte	-50
 322 0125 03       		.byte	3
 323 0126 CF       		.byte	-49
 324 0127 01       		.byte	1
 325 0128 D0       		.byte	-48
 326 0129 18       		.byte	24
 327 012a D4       		.byte	-44
 328 012b 03       		.byte	3
 329 012c D6       		.byte	-42
 330 012d 04       		.byte	4
 331 012e D8       		.byte	-40
 332 012f 04       		.byte	4
 333 0130 D9       		.byte	-39
 334 0131 04       		.byte	4
 335 0132 DA       		.byte	-38
 336 0133 04       		.byte	4
 337 0134 DB       		.byte	-37
 338 0135 04       		.byte	4
 339 0136 DC       		.byte	-36
 340 0137 03       		.byte	3
 341 0138 DD       		.byte	-35
 342 0139 33       		.byte	51
ARM GAS  C:\Users\ryant\AppData\Local\Temp\ccxM225d.s 			page 7


 343 013a DF       		.byte	-33
 344 013b 05       		.byte	5
 345 013c E0       		.byte	-32
 346 013d 40       		.byte	64
 347 013e E2       		.byte	-30
 348 013f 40       		.byte	64
 349 0140 E4       		.byte	-28
 350 0141 40       		.byte	64
 351 0142 E5       		.byte	-27
 352 0143 40       		.byte	64
 353 0144 E6       		.byte	-26
 354 0145 80       		.byte	-128
 355 0146 E8       		.byte	-24
 356 0147 80       		.byte	-128
 357 0148 EA       		.byte	-22
 358 0149 80       		.byte	-128
 359 014a EC       		.byte	-20
 360 014b 80       		.byte	-128
 361 014c EE       		.byte	-18
 362 014d 80       		.byte	-128
 363 014e 01       		.byte	1
 364 014f 80       		.byte	-128
 365 0150 03       		.byte	3
 366 0151 20       		.byte	32
 367 0152 05       		.byte	5
 368 0153 20       		.byte	32
 369 0154 08       		.byte	8
 370 0155 40       		.byte	64
 371 0156 0A       		.byte	10
 372 0157 02       		.byte	2
 373 0158 13       		.byte	19
 374 0159 02       		.byte	2
 375 015a 19       		.byte	25
 376 015b 90       		.byte	-112
 377 015c 1A       		.byte	26
 378 015d 01       		.byte	1
 379 015e 1B       		.byte	27
 380 015f A0       		.byte	-96
 381 0160 1F       		.byte	31
 382 0161 08       		.byte	8
 383 0162 22       		.byte	34
 384 0163 41       		.byte	65
 385 0164 25       		.byte	37
 386 0165 40       		.byte	64
 387 0166 26       		.byte	38
 388 0167 08       		.byte	8
 389 0168 27       		.byte	39
 390 0169 04       		.byte	4
 391 016a 29       		.byte	41
 392 016b 10       		.byte	16
 393 016c 2A       		.byte	42
 394 016d 40       		.byte	64
 395 016e 2D       		.byte	45
 396 016f 21       		.byte	33
 397 0170 30       		.byte	48
 398 0171 40       		.byte	64
 399 0172 31       		.byte	49
ARM GAS  C:\Users\ryant\AppData\Local\Temp\ccxM225d.s 			page 8


 400 0173 20       		.byte	32
 401 0174 36       		.byte	54
 402 0175 08       		.byte	8
 403 0176 39       		.byte	57
 404 0177 40       		.byte	64
 405 0178 3C       		.byte	60
 406 0179 02       		.byte	2
 407 017a 40       		.byte	64
 408 017b 20       		.byte	32
 409 017c 41       		.byte	65
 410 017d 20       		.byte	32
 411 017e 42       		.byte	66
 412 017f 01       		.byte	1
 413 0180 43       		.byte	67
 414 0181 04       		.byte	4
 415 0182 45       		.byte	69
 416 0183 20       		.byte	32
 417 0184 46       		.byte	70
 418 0185 40       		.byte	64
 419 0186 47       		.byte	71
 420 0187 04       		.byte	4
 421 0188 48       		.byte	72
 422 0189 01       		.byte	1
 423 018a 49       		.byte	73
 424 018b 06       		.byte	6
 425 018c 4D       		.byte	77
 426 018d 80       		.byte	-128
 427 018e 51       		.byte	81
 428 018f 20       		.byte	32
 429 0190 58       		.byte	88
 430 0191 20       		.byte	32
 431 0192 59       		.byte	89
 432 0193 06       		.byte	6
 433 0194 5A       		.byte	90
 434 0195 80       		.byte	-128
 435 0196 60       		.byte	96
 436 0197 40       		.byte	64
 437 0198 69       		.byte	105
 438 0199 40       		.byte	64
 439 019a 6B       		.byte	107
 440 019b 02       		.byte	2
 441 019c 74       		.byte	116
 442 019d 01       		.byte	1
 443 019e 76       		.byte	118
 444 019f 40       		.byte	64
 445 01a0 7B       		.byte	123
 446 01a1 80       		.byte	-128
 447 01a2 94       		.byte	-108
 448 01a3 40       		.byte	64
 449 01a4 99       		.byte	-103
 450 01a5 20       		.byte	32
 451 01a6 A5       		.byte	-91
 452 01a7 40       		.byte	64
 453 01a8 C0       		.byte	-64
 454 01a9 45       		.byte	69
 455 01aa C2       		.byte	-62
 456 01ab 01       		.byte	1
ARM GAS  C:\Users\ryant\AppData\Local\Temp\ccxM225d.s 			page 9


 457 01ac C4       		.byte	-60
 458 01ad 08       		.byte	8
 459 01ae CA       		.byte	-54
 460 01af AC       		.byte	-84
 461 01b0 CC       		.byte	-52
 462 01b1 4C       		.byte	76
 463 01b2 CE       		.byte	-50
 464 01b3 88       		.byte	-120
 465 01b4 D0       		.byte	-48
 466 01b5 EE       		.byte	-18
 467 01b6 D2       		.byte	-46
 468 01b7 18       		.byte	24
 469 01b8 D6       		.byte	-42
 470 01b9 0F       		.byte	15
 471 01ba D8       		.byte	-40
 472 01bb 01       		.byte	1
 473 01bc DE       		.byte	-34
 474 01bd 01       		.byte	1
 475 01be 0B       		.byte	11
 476 01bf 01       		.byte	1
 477 01c0 27       		.byte	39
 478 01c1 01       		.byte	1
 479 01c2 2E       		.byte	46
 480 01c3 01       		.byte	1
 481 01c4 34       		.byte	52
 482 01c5 01       		.byte	1
 483 01c6 35       		.byte	53
 484 01c7 01       		.byte	1
 485 01c8 40       		.byte	64
 486 01c9 20       		.byte	32
 487 01ca 41       		.byte	65
 488 01cb 06       		.byte	6
 489 01cc 49       		.byte	73
 490 01cd FF       		.byte	-1
 491 01ce 4A       		.byte	74
 492 01cf FF       		.byte	-1
 493 01d0 4B       		.byte	75
 494 01d1 FF       		.byte	-1
 495 01d2 4D       		.byte	77
 496 01d3 A0       		.byte	-96
 497 01d4 4F       		.byte	79
 498 01d5 04       		.byte	4
 499 01d6 50       		.byte	80
 500 01d7 18       		.byte	24
 501 01d8 52       		.byte	82
 502 01d9 80       		.byte	-128
 503 01da 58       		.byte	88
 504 01db 04       		.byte	4
 505 01dc 59       		.byte	89
 506 01dd 04       		.byte	4
 507 01de 5A       		.byte	90
 508 01df 04       		.byte	4
 509 01e0 5B       		.byte	91
 510 01e1 04       		.byte	4
 511 01e2 5C       		.byte	92
 512 01e3 11       		.byte	17
 513 01e4 5D       		.byte	93
ARM GAS  C:\Users\ryant\AppData\Local\Temp\ccxM225d.s 			page 10


 514 01e5 11       		.byte	17
 515 01e6 5F       		.byte	95
 516 01e7 01       		.byte	1
 517 01e8 60       		.byte	96
 518 01e9 40       		.byte	64
 519 01ea 62       		.byte	98
 520 01eb C0       		.byte	-64
 521 01ec 64       		.byte	100
 522 01ed 40       		.byte	64
 523 01ee 65       		.byte	101
 524 01ef 40       		.byte	64
 525 01f0 66       		.byte	102
 526 01f1 C0       		.byte	-64
 527 01f2 68       		.byte	104
 528 01f3 C0       		.byte	-64
 529 01f4 6A       		.byte	106
 530 01f5 C0       		.byte	-64
 531 01f6 6C       		.byte	108
 532 01f7 C0       		.byte	-64
 533 01f8 6E       		.byte	110
 534 01f9 C0       		.byte	-64
 535 01fa 86       		.byte	-122
 536 01fb 01       		.byte	1
 537 01fc 8A       		.byte	-118
 538 01fd 01       		.byte	1
 539 01fe 8B       		.byte	-117
 540 01ff 01       		.byte	1
 541 0200 A1       		.byte	-95
 542 0201 01       		.byte	1
 543 0202 A6       		.byte	-90
 544 0203 02       		.byte	2
 545 0204 B1       		.byte	-79
 546 0205 01       		.byte	1
 547 0206 B4       		.byte	-76
 548 0207 01       		.byte	1
 549 0208 B6       		.byte	-74
 550 0209 02       		.byte	2
 551 020a BE       		.byte	-66
 552 020b 10       		.byte	16
 553 020c C0       		.byte	-64
 554 020d 60       		.byte	96
 555 020e C1       		.byte	-63
 556 020f 02       		.byte	2
 557 0210 C5       		.byte	-59
 558 0211 D0       		.byte	-48
 559 0212 C6       		.byte	-58
 560 0213 10       		.byte	16
 561 0214 C7       		.byte	-57
 562 0215 02       		.byte	2
 563 0216 C8       		.byte	-56
 564 0217 1A       		.byte	26
 565 0218 C9       		.byte	-55
 566 0219 FF       		.byte	-1
 567 021a CA       		.byte	-54
 568 021b FF       		.byte	-1
 569 021c CB       		.byte	-53
 570 021d FF       		.byte	-1
ARM GAS  C:\Users\ryant\AppData\Local\Temp\ccxM225d.s 			page 11


 571 021e CD       		.byte	-51
 572 021f AF       		.byte	-81
 573 0220 CE       		.byte	-50
 574 0221 0F       		.byte	15
 575 0222 CF       		.byte	-49
 576 0223 04       		.byte	4
 577 0224 D0       		.byte	-48
 578 0225 18       		.byte	24
 579 0226 D4       		.byte	-44
 580 0227 05       		.byte	5
 581 0228 D8       		.byte	-40
 582 0229 04       		.byte	4
 583 022a D9       		.byte	-39
 584 022b 04       		.byte	4
 585 022c DA       		.byte	-38
 586 022d 04       		.byte	4
 587 022e DB       		.byte	-37
 588 022f 04       		.byte	4
 589 0230 DC       		.byte	-36
 590 0231 11       		.byte	17
 591 0232 DD       		.byte	-35
 592 0233 11       		.byte	17
 593 0234 DF       		.byte	-33
 594 0235 01       		.byte	1
 595 0236 E0       		.byte	-32
 596 0237 40       		.byte	64
 597 0238 E2       		.byte	-30
 598 0239 C0       		.byte	-64
 599 023a E4       		.byte	-28
 600 023b 40       		.byte	64
 601 023c E5       		.byte	-27
 602 023d 40       		.byte	64
 603 023e E6       		.byte	-26
 604 023f C0       		.byte	-64
 605 0240 E8       		.byte	-24
 606 0241 C0       		.byte	-64
 607 0242 EA       		.byte	-22
 608 0243 C0       		.byte	-64
 609 0244 EC       		.byte	-20
 610 0245 C0       		.byte	-64
 611 0246 EE       		.byte	-18
 612 0247 C0       		.byte	-64
 613 0248 04       		.byte	4
 614 0249 04       		.byte	4
 615 024a 06       		.byte	6
 616 024b 08       		.byte	8
 617 024c 10       		.byte	16
 618 024d 02       		.byte	2
 619 024e 16       		.byte	22
 620 024f 10       		.byte	16
 621 0250 18       		.byte	24
 622 0251 04       		.byte	4
 623 0252 1B       		.byte	27
 624 0253 10       		.byte	16
 625 0254 1E       		.byte	30
 626 0255 08       		.byte	8
 627 0256 1F       		.byte	31
ARM GAS  C:\Users\ryant\AppData\Local\Temp\ccxM225d.s 			page 12


 628 0257 80       		.byte	-128
 629 0258 21       		.byte	33
 630 0259 10       		.byte	16
 631 025a 27       		.byte	39
 632 025b 80       		.byte	-128
 633 025c 2B       		.byte	43
 634 025d 10       		.byte	16
 635 025e 2F       		.byte	47
 636 025f 80       		.byte	-128
 637 0260 3A       		.byte	58
 638 0261 10       		.byte	16
 639 0262 3E       		.byte	62
 640 0263 20       		.byte	32
 641 0264 40       		.byte	64
 642 0265 04       		.byte	4
 643 0266 46       		.byte	70
 644 0267 08       		.byte	8
 645 0268 48       		.byte	72
 646 0269 04       		.byte	4
 647 026a 4F       		.byte	79
 648 026b 21       		.byte	33
 649 026c 54       		.byte	84
 650 026d 04       		.byte	4
 651 026e 56       		.byte	86
 652 026f 38       		.byte	56
 653 0270 5E       		.byte	94
 654 0271 08       		.byte	8
 655 0272 5F       		.byte	95
 656 0273 81       		.byte	-127
 657 0274 6C       		.byte	108
 658 0275 01       		.byte	1
 659 0276 70       		.byte	112
 660 0277 02       		.byte	2
 661 0278 8C       		.byte	-116
 662 0279 01       		.byte	1
 663 027a AD       		.byte	-83
 664 027b 01       		.byte	1
 665 027c AF       		.byte	-81
 666 027d 08       		.byte	8
 667 027e C0       		.byte	-64
 668 027f 60       		.byte	96
 669 0280 C4       		.byte	-60
 670 0281 21       		.byte	33
 671 0282 CA       		.byte	-54
 672 0283 82       		.byte	-126
 673 0284 CE       		.byte	-50
 674 0285 24       		.byte	36
 675 0286 D0       		.byte	-48
 676 0287 24       		.byte	36
 677 0288 D2       		.byte	-46
 678 0289 24       		.byte	36
 679 028a D6       		.byte	-42
 680 028b D0       		.byte	-48
 681 028c E2       		.byte	-30
 682 028d 40       		.byte	64
 683 028e EA       		.byte	-22
 684 028f 08       		.byte	8
ARM GAS  C:\Users\ryant\AppData\Local\Temp\ccxM225d.s 			page 13


 685 0290 B9       		.byte	-71
 686 0291 02       		.byte	2
 687 0292 BF       		.byte	-65
 688 0293 01       		.byte	1
 689 0294 D9       		.byte	-39
 690 0295 04       		.byte	4
 691 0296 DF       		.byte	-33
 692 0297 01       		.byte	1
 693 0298 21       		.byte	33
 694 0299 02       		.byte	2
 695 029a 81       		.byte	-127
 696 029b 02       		.byte	2
 697 029c AD       		.byte	-83
 698 029d 10       		.byte	16
 699 029e E8       		.byte	-24
 700 029f 02       		.byte	2
 701 02a0 92       		.byte	-110
 702 02a1 10       		.byte	16
 703 02a2 97       		.byte	-105
 704 02a3 80       		.byte	-128
 705 02a4 99       		.byte	-103
 706 02a5 04       		.byte	4
 707 02a6 9E       		.byte	-98
 708 02a7 02       		.byte	2
 709 02a8 A6       		.byte	-90
 710 02a9 20       		.byte	32
 711 02aa A7       		.byte	-89
 712 02ab 08       		.byte	8
 713 02ac B0       		.byte	-80
 714 02ad 04       		.byte	4
 715 02ae E8       		.byte	-24
 716 02af 02       		.byte	2
 717 02b0 03       		.byte	3
 718 02b1 02       		.byte	2
 719 02b2 06       		.byte	6
 720 02b3 08       		.byte	8
 721 02b4 0A       		.byte	10
 722 02b5 10       		.byte	16
 723 02b6 0B       		.byte	11
 724 02b7 02       		.byte	2
 725 02b8 0D       		.byte	13
 726 02b9 02       		.byte	2
 727 02ba 0E       		.byte	14
 728 02bb 05       		.byte	5
 729 02bc 10       		.byte	16
 730 02bd 03       		.byte	3
 731 02be 12       		.byte	18
 732 02bf 04       		.byte	4
 733 02c0 14       		.byte	20
 734 02c1 0A       		.byte	10
 735 02c2 16       		.byte	22
 736 02c3 04       		.byte	4
 737 02c4 17       		.byte	23
 738 02c5 02       		.byte	2
 739 02c6 1A       		.byte	26
 740 02c7 10       		.byte	16
 741 02c8 1D       		.byte	29
ARM GAS  C:\Users\ryant\AppData\Local\Temp\ccxM225d.s 			page 14


 742 02c9 01       		.byte	1
 743 02ca 24       		.byte	36
 744 02cb 03       		.byte	3
 745 02cc 25       		.byte	37
 746 02cd 02       		.byte	2
 747 02ce 26       		.byte	38
 748 02cf 04       		.byte	4
 749 02d0 28       		.byte	40
 750 02d1 03       		.byte	3
 751 02d2 2A       		.byte	42
 752 02d3 0C       		.byte	12
 753 02d4 31       		.byte	49
 754 02d5 02       		.byte	2
 755 02d6 32       		.byte	50
 756 02d7 0F       		.byte	15
 757 02d8 34       		.byte	52
 758 02d9 10       		.byte	16
 759 02da 35       		.byte	53
 760 02db 01       		.byte	1
 761 02dc 3A       		.byte	58
 762 02dd 08       		.byte	8
 763 02de 3E       		.byte	62
 764 02df 10       		.byte	16
 765 02e0 3F       		.byte	63
 766 02e1 11       		.byte	17
 767 02e2 58       		.byte	88
 768 02e3 04       		.byte	4
 769 02e4 59       		.byte	89
 770 02e5 04       		.byte	4
 771 02e6 5C       		.byte	92
 772 02e7 02       		.byte	2
 773 02e8 5F       		.byte	95
 774 02e9 01       		.byte	1
 775 02ea 86       		.byte	-122
 776 02eb 18       		.byte	24
 777 02ec 89       		.byte	-119
 778 02ed 1C       		.byte	28
 779 02ee 8B       		.byte	-117
 780 02ef 02       		.byte	2
 781 02f0 8D       		.byte	-115
 782 02f1 14       		.byte	20
 783 02f2 90       		.byte	-112
 784 02f3 02       		.byte	2
 785 02f4 92       		.byte	-110
 786 02f5 1C       		.byte	28
 787 02f6 94       		.byte	-108
 788 02f7 18       		.byte	24
 789 02f8 95       		.byte	-107
 790 02f9 10       		.byte	16
 791 02fa 96       		.byte	-106
 792 02fb 06       		.byte	6
 793 02fc 97       		.byte	-105
 794 02fd 0C       		.byte	12
 795 02fe 99       		.byte	-103
 796 02ff 09       		.byte	9
 797 0300 9B       		.byte	-101
 798 0301 10       		.byte	16
ARM GAS  C:\Users\ryant\AppData\Local\Temp\ccxM225d.s 			page 15


 799 0302 9C       		.byte	-100
 800 0303 01       		.byte	1
 801 0304 9F       		.byte	-97
 802 0305 03       		.byte	3
 803 0306 A1       		.byte	-95
 804 0307 0C       		.byte	12
 805 0308 A3       		.byte	-93
 806 0309 11       		.byte	17
 807 030a A6       		.byte	-90
 808 030b 10       		.byte	16
 809 030c A8       		.byte	-88
 810 030d 02       		.byte	2
 811 030e A9       		.byte	-87
 812 030f 10       		.byte	16
 813 0310 AA       		.byte	-86
 814 0311 0C       		.byte	12
 815 0312 AE       		.byte	-82
 816 0313 06       		.byte	6
 817 0314 B1       		.byte	-79
 818 0315 1F       		.byte	31
 819 0316 B2       		.byte	-78
 820 0317 1E       		.byte	30
 821 0318 B4       		.byte	-76
 822 0319 01       		.byte	1
 823 031a BA       		.byte	-70
 824 031b 08       		.byte	8
 825 031c BE       		.byte	-66
 826 031d 10       		.byte	16
 827 031e C0       		.byte	-64
 828 031f 21       		.byte	33
 829 0320 C1       		.byte	-63
 830 0321 05       		.byte	5
 831 0322 C6       		.byte	-58
 832 0323 CB       		.byte	-53
 833 0324 C7       		.byte	-57
 834 0325 E0       		.byte	-32
 835 0326 C8       		.byte	-56
 836 0327 2C       		.byte	44
 837 0328 C9       		.byte	-55
 838 0329 FF       		.byte	-1
 839 032a CA       		.byte	-54
 840 032b FF       		.byte	-1
 841 032c CB       		.byte	-53
 842 032d FF       		.byte	-1
 843 032e CE       		.byte	-50
 844 032f F0       		.byte	-16
 845 0330 CF       		.byte	-49
 846 0331 44       		.byte	68
 847 0332 D0       		.byte	-48
 848 0333 0C       		.byte	12
 849 0334 D4       		.byte	-44
 850 0335 01       		.byte	1
 851 0336 D8       		.byte	-40
 852 0337 04       		.byte	4
 853 0338 D9       		.byte	-39
 854 0339 04       		.byte	4
 855 033a DA       		.byte	-38
ARM GAS  C:\Users\ryant\AppData\Local\Temp\ccxM225d.s 			page 16


 856 033b 04       		.byte	4
 857 033c DB       		.byte	-37
 858 033d 04       		.byte	4
 859 033e DC       		.byte	-36
 860 033f 22       		.byte	34
 861 0340 DD       		.byte	-35
 862 0341 22       		.byte	34
 863 0342 DF       		.byte	-33
 864 0343 01       		.byte	1
 865 0344 E6       		.byte	-26
 866 0345 C0       		.byte	-64
 867 0346 EA       		.byte	-22
 868 0347 40       		.byte	64
 869 0348 EB       		.byte	-21
 870 0349 02       		.byte	2
 871 034a 01       		.byte	1
 872 034b 20       		.byte	32
 873 034c 02       		.byte	2
 874 034d 21       		.byte	33
 875 034e 03       		.byte	3
 876 034f 10       		.byte	16
 877 0350 07       		.byte	7
 878 0351 10       		.byte	16
 879 0352 09       		.byte	9
 880 0353 08       		.byte	8
 881 0354 0B       		.byte	11
 882 0355 88       		.byte	-120
 883 0356 0E       		.byte	14
 884 0357 11       		.byte	17
 885 0358 0F       		.byte	15
 886 0359 42       		.byte	66
 887 035a 12       		.byte	18
 888 035b 14       		.byte	20
 889 035c 16       		.byte	22
 890 035d 26       		.byte	38
 891 035e 18       		.byte	24
 892 035f 04       		.byte	4
 893 0360 19       		.byte	25
 894 0361 04       		.byte	4
 895 0362 1D       		.byte	29
 896 0363 08       		.byte	8
 897 0364 1E       		.byte	30
 898 0365 18       		.byte	24
 899 0366 20       		.byte	32
 900 0367 48       		.byte	72
 901 0368 27       		.byte	39
 902 0369 40       		.byte	64
 903 036a 29       		.byte	41
 904 036b 04       		.byte	4
 905 036c 2A       		.byte	42
 906 036d 04       		.byte	4
 907 036e 2E       		.byte	46
 908 036f 20       		.byte	32
 909 0370 2F       		.byte	47
 910 0371 48       		.byte	72
 911 0372 31       		.byte	49
 912 0373 08       		.byte	8
ARM GAS  C:\Users\ryant\AppData\Local\Temp\ccxM225d.s 			page 17


 913 0374 33       		.byte	51
 914 0375 40       		.byte	64
 915 0376 35       		.byte	53
 916 0377 04       		.byte	4
 917 0378 36       		.byte	54
 918 0379 20       		.byte	32
 919 037a 37       		.byte	55
 920 037b 40       		.byte	64
 921 037c 39       		.byte	57
 922 037d 10       		.byte	16
 923 037e 3A       		.byte	58
 924 037f 13       		.byte	19
 925 0380 3B       		.byte	59
 926 0381 C0       		.byte	-64
 927 0382 3E       		.byte	62
 928 0383 10       		.byte	16
 929 0384 3F       		.byte	63
 930 0385 80       		.byte	-128
 931 0386 46       		.byte	70
 932 0387 06       		.byte	6
 933 0388 4F       		.byte	79
 934 0389 40       		.byte	64
 935 038a 56       		.byte	86
 936 038b 10       		.byte	16
 937 038c 57       		.byte	87
 938 038d 41       		.byte	65
 939 038e 5C       		.byte	92
 940 038f 40       		.byte	64
 941 0390 5D       		.byte	93
 942 0391 10       		.byte	16
 943 0392 5E       		.byte	94
 944 0393 09       		.byte	9
 945 0394 93       		.byte	-109
 946 0395 08       		.byte	8
 947 0396 94       		.byte	-108
 948 0397 04       		.byte	4
 949 0398 99       		.byte	-103
 950 0399 20       		.byte	32
 951 039a C0       		.byte	-64
 952 039b 27       		.byte	39
 953 039c C2       		.byte	-62
 954 039d BE       		.byte	-66
 955 039e C4       		.byte	-60
 956 039f E6       		.byte	-26
 957 03a0 CA       		.byte	-54
 958 03a1 A2       		.byte	-94
 959 03a2 CC       		.byte	-52
 960 03a3 7A       		.byte	122
 961 03a4 CE       		.byte	-50
 962 03a5 3D       		.byte	61
 963 03a6 D0       		.byte	-48
 964 03a7 30       		.byte	48
 965 03a8 D2       		.byte	-46
 966 03a9 10       		.byte	16
 967 03aa D6       		.byte	-42
 968 03ab F0       		.byte	-16
 969 03ac EA       		.byte	-22
ARM GAS  C:\Users\ryant\AppData\Local\Temp\ccxM225d.s 			page 18


 970 03ad 08       		.byte	8
 971 03ae 1A       		.byte	26
 972 03af 01       		.byte	1
 973 03b0 26       		.byte	38
 974 03b1 01       		.byte	1
 975 03b2 36       		.byte	54
 976 03b3 01       		.byte	1
 977 03b4 3E       		.byte	62
 978 03b5 40       		.byte	64
 979 03b6 58       		.byte	88
 980 03b7 04       		.byte	4
 981 03b8 5F       		.byte	95
 982 03b9 01       		.byte	1
 983 03ba 01       		.byte	1
 984 03bb 42       		.byte	66
 985 03bc 02       		.byte	2
 986 03bd 20       		.byte	32
 987 03be 08       		.byte	8
 988 03bf 20       		.byte	32
 989 03c0 09       		.byte	9
 990 03c1 08       		.byte	8
 991 03c2 0A       		.byte	10
 992 03c3 01       		.byte	1
 993 03c4 0B       		.byte	11
 994 03c5 40       		.byte	64
 995 03c6 0D       		.byte	13
 996 03c7 20       		.byte	32
 997 03c8 10       		.byte	16
 998 03c9 A8       		.byte	-88
 999 03ca 12       		.byte	18
 1000 03cb 02       		.byte	2
 1001 03cc 17       		.byte	23
 1002 03cd 08       		.byte	8
 1003 03ce 18       		.byte	24
 1004 03cf 40       		.byte	64
 1005 03d0 19       		.byte	25
 1006 03d1 62       		.byte	98
 1007 03d2 1A       		.byte	26
 1008 03d3 01       		.byte	1
 1009 03d4 1B       		.byte	27
 1010 03d5 0C       		.byte	12
 1011 03d6 1D       		.byte	29
 1012 03d7 80       		.byte	-128
 1013 03d8 20       		.byte	32
 1014 03d9 01       		.byte	1
 1015 03da 21       		.byte	33
 1016 03db 10       		.byte	16
 1017 03dc 22       		.byte	34
 1018 03dd 01       		.byte	1
 1019 03de 23       		.byte	35
 1020 03df 08       		.byte	8
 1021 03e0 29       		.byte	41
 1022 03e1 42       		.byte	66
 1023 03e2 2B       		.byte	43
 1024 03e3 04       		.byte	4
 1025 03e4 30       		.byte	48
 1026 03e5 80       		.byte	-128
ARM GAS  C:\Users\ryant\AppData\Local\Temp\ccxM225d.s 			page 19


 1027 03e6 31       		.byte	49
 1028 03e7 18       		.byte	24
 1029 03e8 32       		.byte	50
 1030 03e9 22       		.byte	34
 1031 03ea 38       		.byte	56
 1032 03eb AA       		.byte	-86
 1033 03ec 3B       		.byte	59
 1034 03ed 40       		.byte	64
 1035 03ee 40       		.byte	64
 1036 03ef 61       		.byte	97
 1037 03f0 41       		.byte	65
 1038 03f1 10       		.byte	16
 1039 03f2 43       		.byte	67
 1040 03f3 08       		.byte	8
 1041 03f4 49       		.byte	73
 1042 03f5 80       		.byte	-128
 1043 03f6 4A       		.byte	74
 1044 03f7 02       		.byte	2
 1045 03f8 4B       		.byte	75
 1046 03f9 08       		.byte	8
 1047 03fa 51       		.byte	81
 1048 03fb 20       		.byte	32
 1049 03fc 5A       		.byte	90
 1050 03fd 02       		.byte	2
 1051 03fe 69       		.byte	105
 1052 03ff 04       		.byte	4
 1053 0400 6A       		.byte	106
 1054 0401 10       		.byte	16
 1055 0402 6B       		.byte	107
 1056 0403 02       		.byte	2
 1057 0404 70       		.byte	112
 1058 0405 BC       		.byte	-68
 1059 0406 72       		.byte	114
 1060 0407 02       		.byte	2
 1061 0408 90       		.byte	-112
 1062 0409 82       		.byte	-126
 1063 040a 91       		.byte	-111
 1064 040b 40       		.byte	64
 1065 040c 94       		.byte	-108
 1066 040d 0C       		.byte	12
 1067 040e 95       		.byte	-107
 1068 040f 04       		.byte	4
 1069 0410 96       		.byte	-106
 1070 0411 10       		.byte	16
 1071 0412 99       		.byte	-103
 1072 0413 90       		.byte	-112
 1073 0414 9D       		.byte	-99
 1074 0415 42       		.byte	66
 1075 0416 9E       		.byte	-98
 1076 0417 02       		.byte	2
 1077 0418 9F       		.byte	-97
 1078 0419 02       		.byte	2
 1079 041a A1       		.byte	-95
 1080 041b 08       		.byte	8
 1081 041c A4       		.byte	-92
 1082 041d 20       		.byte	32
 1083 041e A5       		.byte	-91
ARM GAS  C:\Users\ryant\AppData\Local\Temp\ccxM225d.s 			page 20


 1084 041f 80       		.byte	-128
 1085 0420 A7       		.byte	-89
 1086 0421 08       		.byte	8
 1087 0422 B4       		.byte	-76
 1088 0423 21       		.byte	33
 1089 0424 B5       		.byte	-75
 1090 0425 40       		.byte	64
 1091 0426 C0       		.byte	-64
 1092 0427 0D       		.byte	13
 1093 0428 C2       		.byte	-62
 1094 0429 4F       		.byte	79
 1095 042a C4       		.byte	-60
 1096 042b 2F       		.byte	47
 1097 042c CA       		.byte	-54
 1098 042d 0D       		.byte	13
 1099 042e CC       		.byte	-52
 1100 042f 0F       		.byte	15
 1101 0430 CE       		.byte	-50
 1102 0431 0F       		.byte	15
 1103 0432 D0       		.byte	-48
 1104 0433 0F       		.byte	15
 1105 0434 D2       		.byte	-46
 1106 0435 08       		.byte	8
 1107 0436 D6       		.byte	-42
 1108 0437 01       		.byte	1
 1109 0438 01       		.byte	1
 1110 0439 40       		.byte	64
 1111 043a 05       		.byte	5
 1112 043b 60       		.byte	96
 1113 043c 0B       		.byte	11
 1114 043d 10       		.byte	16
 1115 043e 0C       		.byte	12
 1116 043f 24       		.byte	36
 1117 0440 0D       		.byte	13
 1118 0441 70       		.byte	112
 1119 0442 0E       		.byte	14
 1120 0443 43       		.byte	67
 1121 0444 0F       		.byte	15
 1122 0445 0B       		.byte	11
 1123 0446 10       		.byte	16
 1124 0447 48       		.byte	72
 1125 0448 11       		.byte	17
 1126 0449 02       		.byte	2
 1127 044a 12       		.byte	18
 1128 044b 22       		.byte	34
 1129 044c 14       		.byte	20
 1130 044d 7E       		.byte	126
 1131 044e 15       		.byte	21
 1132 044f 7F       		.byte	127
 1133 0450 18       		.byte	24
 1134 0451 02       		.byte	2
 1135 0452 19       		.byte	25
 1136 0453 20       		.byte	32
 1137 0454 1A       		.byte	26
 1138 0455 0C       		.byte	12
 1139 0456 1D       		.byte	29
 1140 0457 70       		.byte	112
ARM GAS  C:\Users\ryant\AppData\Local\Temp\ccxM225d.s 			page 21


 1141 0458 1F       		.byte	31
 1142 0459 07       		.byte	7
 1143 045a 20       		.byte	32
 1144 045b 10       		.byte	16
 1145 045c 21       		.byte	33
 1146 045d 1F       		.byte	31
 1147 045e 23       		.byte	35
 1148 045f 60       		.byte	96
 1149 0460 24       		.byte	36
 1150 0461 7E       		.byte	126
 1151 0462 25       		.byte	37
 1152 0463 11       		.byte	17
 1153 0464 29       		.byte	41
 1154 0465 03       		.byte	3
 1155 0466 2F       		.byte	47
 1156 0467 0F       		.byte	15
 1157 0468 30       		.byte	48
 1158 0469 60       		.byte	96
 1159 046a 31       		.byte	49
 1160 046b 03       		.byte	3
 1161 046c 32       		.byte	50
 1162 046d 01       		.byte	1
 1163 046e 33       		.byte	51
 1164 046f 7C       		.byte	124
 1165 0470 34       		.byte	52
 1166 0471 0E       		.byte	14
 1167 0472 36       		.byte	54
 1168 0473 10       		.byte	16
 1169 0474 3B       		.byte	59
 1170 0475 08       		.byte	8
 1171 0476 54       		.byte	84
 1172 0477 18       		.byte	24
 1173 0478 58       		.byte	88
 1174 0479 04       		.byte	4
 1175 047a 59       		.byte	89
 1176 047b 04       		.byte	4
 1177 047c 5B       		.byte	91
 1178 047d 04       		.byte	4
 1179 047e 5C       		.byte	92
 1180 047f 22       		.byte	34
 1181 0480 5D       		.byte	93
 1182 0481 20       		.byte	32
 1183 0482 5F       		.byte	95
 1184 0483 01       		.byte	1
 1185 0484 8B       		.byte	-117
 1186 0485 0E       		.byte	14
 1187 0486 91       		.byte	-111
 1188 0487 08       		.byte	8
 1189 0488 9A       		.byte	-102
 1190 0489 01       		.byte	1
 1191 048a 9B       		.byte	-101
 1192 048b 02       		.byte	2
 1193 048c AA       		.byte	-86
 1194 048d 01       		.byte	1
 1195 048e AF       		.byte	-81
 1196 048f 01       		.byte	1
 1197 0490 B1       		.byte	-79
ARM GAS  C:\Users\ryant\AppData\Local\Temp\ccxM225d.s 			page 22


 1198 0491 08       		.byte	8
 1199 0492 B3       		.byte	-77
 1200 0493 01       		.byte	1
 1201 0494 B4       		.byte	-76
 1202 0495 01       		.byte	1
 1203 0496 B5       		.byte	-75
 1204 0497 02       		.byte	2
 1205 0498 B7       		.byte	-73
 1206 0499 04       		.byte	4
 1207 049a BE       		.byte	-66
 1208 049b 10       		.byte	16
 1209 049c C0       		.byte	-64
 1210 049d 30       		.byte	48
 1211 049e C1       		.byte	-63
 1212 049f 02       		.byte	2
 1213 04a0 C5       		.byte	-59
 1214 04a1 D2       		.byte	-46
 1215 04a2 C6       		.byte	-58
 1216 04a3 10       		.byte	16
 1217 04a4 C8       		.byte	-56
 1218 04a5 0B       		.byte	11
 1219 04a6 C9       		.byte	-55
 1220 04a7 FF       		.byte	-1
 1221 04a8 CA       		.byte	-54
 1222 04a9 FF       		.byte	-1
 1223 04aa CB       		.byte	-53
 1224 04ab FF       		.byte	-1
 1225 04ac CD       		.byte	-51
 1226 04ad A0       		.byte	-96
 1227 04ae CF       		.byte	-49
 1228 04af 04       		.byte	4
 1229 04b0 D0       		.byte	-48
 1230 04b1 18       		.byte	24
 1231 04b2 D2       		.byte	-46
 1232 04b3 80       		.byte	-128
 1233 04b4 D4       		.byte	-44
 1234 04b5 05       		.byte	5
 1235 04b6 D8       		.byte	-40
 1236 04b7 04       		.byte	4
 1237 04b8 D9       		.byte	-39
 1238 04b9 04       		.byte	4
 1239 04ba DA       		.byte	-38
 1240 04bb 04       		.byte	4
 1241 04bc DB       		.byte	-37
 1242 04bd 04       		.byte	4
 1243 04be DC       		.byte	-36
 1244 04bf 40       		.byte	64
 1245 04c0 DD       		.byte	-35
 1246 04c1 44       		.byte	68
 1247 04c2 DF       		.byte	-33
 1248 04c3 01       		.byte	1
 1249 04c4 E0       		.byte	-32
 1250 04c5 40       		.byte	64
 1251 04c6 E2       		.byte	-30
 1252 04c7 C0       		.byte	-64
 1253 04c8 E4       		.byte	-28
 1254 04c9 40       		.byte	64
ARM GAS  C:\Users\ryant\AppData\Local\Temp\ccxM225d.s 			page 23


 1255 04ca E5       		.byte	-27
 1256 04cb 40       		.byte	64
 1257 04cc E6       		.byte	-26
 1258 04cd C0       		.byte	-64
 1259 04ce E8       		.byte	-24
 1260 04cf C0       		.byte	-64
 1261 04d0 EA       		.byte	-22
 1262 04d1 C0       		.byte	-64
 1263 04d2 EC       		.byte	-20
 1264 04d3 C0       		.byte	-64
 1265 04d4 EE       		.byte	-18
 1266 04d5 C0       		.byte	-64
 1267 04d6 01       		.byte	1
 1268 04d7 40       		.byte	64
 1269 04d8 0A       		.byte	10
 1270 04d9 54       		.byte	84
 1271 04da 0D       		.byte	13
 1272 04db 20       		.byte	32
 1273 04dc 0F       		.byte	15
 1274 04dd 08       		.byte	8
 1275 04de 11       		.byte	17
 1276 04df 04       		.byte	4
 1277 04e0 13       		.byte	19
 1278 04e1 02       		.byte	2
 1279 04e2 17       		.byte	23
 1280 04e3 20       		.byte	32
 1281 04e4 18       		.byte	24
 1282 04e5 A0       		.byte	-96
 1283 04e6 19       		.byte	25
 1284 04e7 91       		.byte	-111
 1285 04e8 1A       		.byte	26
 1286 04e9 44       		.byte	68
 1287 04ea 1E       		.byte	30
 1288 04eb 08       		.byte	8
 1289 04ec 21       		.byte	33
 1290 04ed 08       		.byte	8
 1291 04ee 22       		.byte	34
 1292 04ef 01       		.byte	1
 1293 04f0 24       		.byte	36
 1294 04f1 40       		.byte	64
 1295 04f2 25       		.byte	37
 1296 04f3 04       		.byte	4
 1297 04f4 27       		.byte	39
 1298 04f5 29       		.byte	41
 1299 04f6 28       		.byte	40
 1300 04f7 20       		.byte	32
 1301 04f8 29       		.byte	41
 1302 04f9 92       		.byte	-110
 1303 04fa 2C       		.byte	44
 1304 04fb 02       		.byte	2
 1305 04fc 30       		.byte	48
 1306 04fd 20       		.byte	32
 1307 04fe 31       		.byte	49
 1308 04ff 41       		.byte	65
 1309 0500 33       		.byte	51
 1310 0501 08       		.byte	8
 1311 0502 37       		.byte	55
ARM GAS  C:\Users\ryant\AppData\Local\Temp\ccxM225d.s 			page 24


 1312 0503 21       		.byte	33
 1313 0504 38       		.byte	56
 1314 0505 28       		.byte	40
 1315 0506 39       		.byte	57
 1316 0507 80       		.byte	-128
 1317 0508 3A       		.byte	58
 1318 0509 02       		.byte	2
 1319 050a 3F       		.byte	63
 1320 050b 20       		.byte	32
 1321 050c 45       		.byte	69
 1322 050d 24       		.byte	36
 1323 050e 4F       		.byte	79
 1324 050f 09       		.byte	9
 1325 0510 57       		.byte	87
 1326 0511 10       		.byte	16
 1327 0512 5A       		.byte	90
 1328 0513 02       		.byte	2
 1329 0514 5C       		.byte	92
 1330 0515 40       		.byte	64
 1331 0516 5E       		.byte	94
 1332 0517 08       		.byte	8
 1333 0518 5F       		.byte	95
 1334 0519 01       		.byte	1
 1335 051a 60       		.byte	96
 1336 051b 04       		.byte	4
 1337 051c 61       		.byte	97
 1338 051d 80       		.byte	-128
 1339 051e 74       		.byte	116
 1340 051f 02       		.byte	2
 1341 0520 83       		.byte	-125
 1342 0521 08       		.byte	8
 1343 0522 8D       		.byte	-115
 1344 0523 48       		.byte	72
 1345 0524 C0       		.byte	-64
 1346 0525 01       		.byte	1
 1347 0526 C2       		.byte	-62
 1348 0527 4E       		.byte	78
 1349 0528 C4       		.byte	-60
 1350 0529 4C       		.byte	76
 1351 052a CA       		.byte	-54
 1352 052b 1F       		.byte	31
 1353 052c CC       		.byte	-52
 1354 052d AF       		.byte	-81
 1355 052e CE       		.byte	-50
 1356 052f 2F       		.byte	47
 1357 0530 D0       		.byte	-48
 1358 0531 60       		.byte	96
 1359 0532 D6       		.byte	-42
 1360 0533 D1       		.byte	-47
 1361 0534 D8       		.byte	-40
 1362 0535 0C       		.byte	12
 1363 0536 E0       		.byte	-32
 1364 0537 04       		.byte	4
 1365 0538 E6       		.byte	-26
 1366 0539 02       		.byte	2
 1367 053a 92       		.byte	-110
 1368 053b 10       		.byte	16
ARM GAS  C:\Users\ryant\AppData\Local\Temp\ccxM225d.s 			page 25


 1369 053c 97       		.byte	-105
 1370 053d 80       		.byte	-128
 1371 053e 99       		.byte	-103
 1372 053f 04       		.byte	4
 1373 0540 9E       		.byte	-98
 1374 0541 02       		.byte	2
 1375 0542 A6       		.byte	-90
 1376 0543 20       		.byte	32
 1377 0544 A7       		.byte	-89
 1378 0545 08       		.byte	8
 1379 0546 01       		.byte	1
 1380 0547 02       		.byte	2
 1381 0548 0D       		.byte	13
 1382 0549 01       		.byte	1
 1383 054a 25       		.byte	37
 1384 054b 01       		.byte	1
 1385 054c 2B       		.byte	43
 1386 054d 01       		.byte	1
 1387 054e 2C       		.byte	44
 1388 054f 01       		.byte	1
 1389 0550 35       		.byte	53
 1390 0551 03       		.byte	3
 1391 0552 36       		.byte	54
 1392 0553 01       		.byte	1
 1393 0554 39       		.byte	57
 1394 0555 20       		.byte	32
 1395 0556 3E       		.byte	62
 1396 0557 40       		.byte	64
 1397 0558 58       		.byte	88
 1398 0559 04       		.byte	4
 1399 055a 59       		.byte	89
 1400 055b 04       		.byte	4
 1401 055c 5C       		.byte	92
 1402 055d 20       		.byte	32
 1403 055e 5F       		.byte	95
 1404 055f 01       		.byte	1
 1405 0560 83       		.byte	-125
 1406 0561 01       		.byte	1
 1407 0562 86       		.byte	-122
 1408 0563 05       		.byte	5
 1409 0564 89       		.byte	-119
 1410 0565 02       		.byte	2
 1411 0566 8A       		.byte	-118
 1412 0567 06       		.byte	6
 1413 0568 95       		.byte	-107
 1414 0569 03       		.byte	3
 1415 056a 96       		.byte	-106
 1416 056b 02       		.byte	2
 1417 056c 9E       		.byte	-98
 1418 056d 03       		.byte	3
 1419 056e A1       		.byte	-95
 1420 056f 03       		.byte	3
 1421 0570 A8       		.byte	-88
 1422 0571 06       		.byte	6
 1423 0572 AA       		.byte	-86
 1424 0573 01       		.byte	1
 1425 0574 AE       		.byte	-82
ARM GAS  C:\Users\ryant\AppData\Local\Temp\ccxM225d.s 			page 26


 1426 0575 01       		.byte	1
 1427 0576 B1       		.byte	-79
 1428 0577 03       		.byte	3
 1429 0578 B6       		.byte	-74
 1430 0579 07       		.byte	7
 1431 057a B9       		.byte	-71
 1432 057b 02       		.byte	2
 1433 057c BA       		.byte	-70
 1434 057d 80       		.byte	-128
 1435 057e BF       		.byte	-65
 1436 057f 01       		.byte	1
 1437 0580 C0       		.byte	-64
 1438 0581 01       		.byte	1
 1439 0582 C7       		.byte	-57
 1440 0583 04       		.byte	4
 1441 0584 C9       		.byte	-55
 1442 0585 FF       		.byte	-1
 1443 0586 CA       		.byte	-54
 1444 0587 07       		.byte	7
 1445 0588 CB       		.byte	-53
 1446 0589 FF       		.byte	-1
 1447 058a CC       		.byte	-52
 1448 058b 40       		.byte	64
 1449 058c CD       		.byte	-51
 1450 058d 20       		.byte	32
 1451 058e CE       		.byte	-50
 1452 058f F0       		.byte	-16
 1453 0590 CF       		.byte	-49
 1454 0591 05       		.byte	5
 1455 0592 D0       		.byte	-48
 1456 0593 08       		.byte	8
 1457 0594 D8       		.byte	-40
 1458 0595 04       		.byte	4
 1459 0596 D9       		.byte	-39
 1460 0597 04       		.byte	4
 1461 0598 DA       		.byte	-38
 1462 0599 04       		.byte	4
 1463 059a DC       		.byte	-36
 1464 059b 02       		.byte	2
 1465 059c DD       		.byte	-35
 1466 059d 02       		.byte	2
 1467 059e DF       		.byte	-33
 1468 059f 01       		.byte	1
 1469 05a0 E0       		.byte	-32
 1470 05a1 40       		.byte	64
 1471 05a2 E1       		.byte	-31
 1472 05a3 A8       		.byte	-88
 1473 05a4 E2       		.byte	-30
 1474 05a5 40       		.byte	64
 1475 05a6 E3       		.byte	-29
 1476 05a7 20       		.byte	32
 1477 05a8 05       		.byte	5
 1478 05a9 04       		.byte	4
 1479 05aa 07       		.byte	7
 1480 05ab 08       		.byte	8
 1481 05ac 0D       		.byte	13
 1482 05ad 88       		.byte	-120
ARM GAS  C:\Users\ryant\AppData\Local\Temp\ccxM225d.s 			page 27


 1483 05ae 10       		.byte	16
 1484 05af 02       		.byte	2
 1485 05b0 14       		.byte	20
 1486 05b1 08       		.byte	8
 1487 05b2 15       		.byte	21
 1488 05b3 10       		.byte	16
 1489 05b4 16       		.byte	22
 1490 05b5 02       		.byte	2
 1491 05b6 1A       		.byte	26
 1492 05b7 02       		.byte	2
 1493 05b8 1D       		.byte	29
 1494 05b9 80       		.byte	-128
 1495 05ba 1F       		.byte	31
 1496 05bb 40       		.byte	64
 1497 05bc 22       		.byte	34
 1498 05bd 20       		.byte	32
 1499 05be 23       		.byte	35
 1500 05bf 08       		.byte	8
 1501 05c0 27       		.byte	39
 1502 05c1 80       		.byte	-128
 1503 05c2 28       		.byte	40
 1504 05c3 08       		.byte	8
 1505 05c4 29       		.byte	41
 1506 05c5 04       		.byte	4
 1507 05c6 2F       		.byte	47
 1508 05c7 40       		.byte	64
 1509 05c8 35       		.byte	53
 1510 05c9 04       		.byte	4
 1511 05ca 3B       		.byte	59
 1512 05cb 81       		.byte	-127
 1513 05cc 3D       		.byte	61
 1514 05cd 10       		.byte	16
 1515 05ce 3E       		.byte	62
 1516 05cf 12       		.byte	18
 1517 05d0 3F       		.byte	63
 1518 05d1 01       		.byte	1
 1519 05d2 47       		.byte	71
 1520 05d3 80       		.byte	-128
 1521 05d4 4F       		.byte	79
 1522 05d5 01       		.byte	1
 1523 05d6 55       		.byte	85
 1524 05d7 08       		.byte	8
 1525 05d8 57       		.byte	87
 1526 05d9 08       		.byte	8
 1527 05da 86       		.byte	-122
 1528 05db 01       		.byte	1
 1529 05dc 88       		.byte	-120
 1530 05dd 02       		.byte	2
 1531 05de 92       		.byte	-110
 1532 05df 10       		.byte	16
 1533 05e0 97       		.byte	-105
 1534 05e1 80       		.byte	-128
 1535 05e2 99       		.byte	-103
 1536 05e3 04       		.byte	4
 1537 05e4 9E       		.byte	-98
 1538 05e5 02       		.byte	2
 1539 05e6 A6       		.byte	-90
ARM GAS  C:\Users\ryant\AppData\Local\Temp\ccxM225d.s 			page 28


 1540 05e7 20       		.byte	32
 1541 05e8 A7       		.byte	-89
 1542 05e9 08       		.byte	8
 1543 05ea C0       		.byte	-64
 1544 05eb 60       		.byte	96
 1545 05ec C2       		.byte	-62
 1546 05ed A0       		.byte	-96
 1547 05ee C4       		.byte	-60
 1548 05ef C1       		.byte	-63
 1549 05f0 CA       		.byte	-54
 1550 05f1 86       		.byte	-122
 1551 05f2 CC       		.byte	-52
 1552 05f3 40       		.byte	64
 1553 05f4 CE       		.byte	-50
 1554 05f5 A9       		.byte	-87
 1555 05f6 D0       		.byte	-48
 1556 05f7 10       		.byte	16
 1557 05f8 05       		.byte	5
 1558 05f9 80       		.byte	-128
 1559 05fa 08       		.byte	8
 1560 05fb 10       		.byte	16
 1561 05fc 0D       		.byte	13
 1562 05fd 08       		.byte	8
 1563 05fe 31       		.byte	49
 1564 05ff 08       		.byte	8
 1565 0600 33       		.byte	51
 1566 0601 80       		.byte	-128
 1567 0602 36       		.byte	54
 1568 0603 20       		.byte	32
 1569 0604 37       		.byte	55
 1570 0605 02       		.byte	2
 1571 0606 3B       		.byte	59
 1572 0607 80       		.byte	-128
 1573 0608 55       		.byte	85
 1574 0609 20       		.byte	32
 1575 060a 56       		.byte	86
 1576 060b 80       		.byte	-128
 1577 060c 5F       		.byte	95
 1578 060d 80       		.byte	-128
 1579 060e 66       		.byte	102
 1580 060f 01       		.byte	1
 1581 0610 82       		.byte	-126
 1582 0611 01       		.byte	1
 1583 0612 83       		.byte	-125
 1584 0613 80       		.byte	-128
 1585 0614 86       		.byte	-122
 1586 0615 80       		.byte	-128
 1587 0616 88       		.byte	-120
 1588 0617 10       		.byte	16
 1589 0618 C0       		.byte	-64
 1590 0619 80       		.byte	-128
 1591 061a C2       		.byte	-62
 1592 061b 60       		.byte	96
 1593 061c CC       		.byte	-52
 1594 061d F0       		.byte	-16
 1595 061e CE       		.byte	-50
 1596 061f 10       		.byte	16
ARM GAS  C:\Users\ryant\AppData\Local\Temp\ccxM225d.s 			page 29


 1597 0620 D4       		.byte	-44
 1598 0621 40       		.byte	64
 1599 0622 D6       		.byte	-42
 1600 0623 20       		.byte	32
 1601 0624 D8       		.byte	-40
 1602 0625 80       		.byte	-128
 1603 0626 E2       		.byte	-30
 1604 0627 60       		.byte	96
 1605 0628 E6       		.byte	-26
 1606 0629 20       		.byte	32
 1607 062a 31       		.byte	49
 1608 062b 20       		.byte	32
 1609 062c 35       		.byte	53
 1610 062d 80       		.byte	-128
 1611 062e 97       		.byte	-105
 1612 062f 80       		.byte	-128
 1613 0630 99       		.byte	-103
 1614 0631 80       		.byte	-128
 1615 0632 9F       		.byte	-97
 1616 0633 82       		.byte	-126
 1617 0634 A1       		.byte	-95
 1618 0635 20       		.byte	32
 1619 0636 A6       		.byte	-90
 1620 0637 20       		.byte	32
 1621 0638 CC       		.byte	-52
 1622 0639 30       		.byte	48
 1623 063a 1B       		.byte	27
 1624 063b 04       		.byte	4
 1625 063c 3F       		.byte	63
 1626 063d 08       		.byte	8
 1627 063e 59       		.byte	89
 1628 063f 02       		.byte	2
 1629 0640 8D       		.byte	-115
 1630 0641 02       		.byte	2
 1631 0642 93       		.byte	-109
 1632 0643 80       		.byte	-128
 1633 0644 9F       		.byte	-97
 1634 0645 80       		.byte	-128
 1635 0646 A6       		.byte	-90
 1636 0647 20       		.byte	32
 1637 0648 AF       		.byte	-81
 1638 0649 42       		.byte	66
 1639 064a C6       		.byte	-58
 1640 064b 10       		.byte	16
 1641 064c CE       		.byte	-50
 1642 064d 80       		.byte	-128
 1643 064e D6       		.byte	-42
 1644 064f 40       		.byte	64
 1645 0650 EA       		.byte	-22
 1646 0651 10       		.byte	16
 1647 0652 EE       		.byte	-18
 1648 0653 40       		.byte	64
 1649 0654 6B       		.byte	107
 1650 0655 80       		.byte	-128
 1651 0656 83       		.byte	-125
 1652 0657 80       		.byte	-128
 1653 0658 93       		.byte	-109
ARM GAS  C:\Users\ryant\AppData\Local\Temp\ccxM225d.s 			page 30


 1654 0659 80       		.byte	-128
 1655 065a A6       		.byte	-90
 1656 065b 20       		.byte	32
 1657 065c AF       		.byte	-81
 1658 065d 80       		.byte	-128
 1659 065e DC       		.byte	-36
 1660 065f 20       		.byte	32
 1661 0660 E2       		.byte	-30
 1662 0661 80       		.byte	-128
 1663 0662 EA       		.byte	-22
 1664 0663 40       		.byte	64
 1665 0664 01       		.byte	1
 1666 0665 02       		.byte	2
 1667 0666 51       		.byte	81
 1668 0667 10       		.byte	16
 1669 0668 5B       		.byte	91
 1670 0669 10       		.byte	16
 1671 066a 5C       		.byte	92
 1672 066b 02       		.byte	2
 1673 066c 83       		.byte	-125
 1674 066d 10       		.byte	16
 1675 066e C0       		.byte	-64
 1676 066f 08       		.byte	8
 1677 0670 D4       		.byte	-44
 1678 0671 05       		.byte	5
 1679 0672 D6       		.byte	-42
 1680 0673 01       		.byte	1
 1681 0674 95       		.byte	-107
 1682 0675 20       		.byte	32
 1683 0676 9C       		.byte	-100
 1684 0677 02       		.byte	2
 1685 0678 B5       		.byte	-75
 1686 0679 02       		.byte	2
 1687 067a EA       		.byte	-22
 1688 067b 02       		.byte	2
 1689 067c 02       		.byte	2
 1690 067d 08       		.byte	8
 1691 067e 95       		.byte	-107
 1692 067f 20       		.byte	32
 1693 0680 9C       		.byte	-100
 1694 0681 02       		.byte	2
 1695 0682 A6       		.byte	-90
 1696 0683 08       		.byte	8
 1697 0684 AE       		.byte	-82
 1698 0685 08       		.byte	8
 1699 0686 C0       		.byte	-64
 1700 0687 02       		.byte	2
 1701 0688 AD       		.byte	-83
 1702 0689 10       		.byte	16
 1703 068a B0       		.byte	-80
 1704 068b 02       		.byte	2
 1705 068c E8       		.byte	-24
 1706 068d 04       		.byte	4
 1707 068e 67       		.byte	103
 1708 068f 80       		.byte	-128
 1709 0690 93       		.byte	-109
 1710 0691 80       		.byte	-128
ARM GAS  C:\Users\ryant\AppData\Local\Temp\ccxM225d.s 			page 31


 1711 0692 A6       		.byte	-90
 1712 0693 20       		.byte	32
 1713 0694 D8       		.byte	-40
 1714 0695 80       		.byte	-128
 1715 0696 86       		.byte	-122
 1716 0697 20       		.byte	32
 1717 0698 A6       		.byte	-90
 1718 0699 20       		.byte	32
 1719 069a E6       		.byte	-26
 1720 069b 40       		.byte	64
 1721 069c 01       		.byte	1
 1722 069d 01       		.byte	1
 1723 069e 89       		.byte	-119
 1724 069f 01       		.byte	1
 1725 06a0 C0       		.byte	-64
 1726 06a1 08       		.byte	8
 1727 06a2 E6       		.byte	-26
 1728 06a3 01       		.byte	1
 1729 06a4 00       		.byte	0
 1730 06a5 1F       		.byte	31
 1731 06a6 08       		.byte	8
 1732 06a7 09       		.byte	9
 1733 06a8 0A       		.byte	10
 1734 06a9 02       		.byte	2
 1735 06aa 0C       		.byte	12
 1736 06ab 04       		.byte	4
 1737 06ac 0E       		.byte	14
 1738 06ad 14       		.byte	20
 1739 06ae 10       		.byte	16
 1740 06af 04       		.byte	4
 1741 06b0 1C       		.byte	28
 1742 06b1 04       		.byte	4
 1743 06b2 00       		.byte	0
 1744 06b3 FF       		.byte	-1
 1745 06b4 01       		.byte	1
 1746 06b5 3F       		.byte	63
 1747 06b6 04       		.byte	4
 1748 06b7 0C       		.byte	12
 1749 06b8 33       		.byte	51
 1750 06b9 00       		.byte	0
 1751 06ba 0C       		.byte	12
 1752 06bb 10       		.byte	16
 1753 06bc 03       		.byte	3
 1754 06bd 06       		.byte	6
 1755 06be 00       		.byte	0
 1756 06bf 00       		.byte	0
 1757 06c0 00       		.byte	0
 1758 06c1 02       		.byte	2
 1759 06c2 00       		.byte	0
 1760 06c3 00       		.byte	0
 1761 06c4 01       		.byte	1
 1762 06c5 00       		.byte	0
 1763 06c6 00       		.byte	0
 1764 06c7 10       		.byte	16
 1765 06c8 02       		.byte	2
 1766 06c9 00       		.byte	0
 1767 06ca 00       		.byte	0
ARM GAS  C:\Users\ryant\AppData\Local\Temp\ccxM225d.s 			page 32


 1768 06cb 01       		.byte	1
 1769 06cc 0C       		.byte	12
 1770 06cd 27       		.byte	39
 1771 06ce 33       		.byte	51
 1772 06cf 00       		.byte	0
 1773 06d0 3F       		.byte	63
 1774 06d1 00       		.byte	0
 1775 06d2 00       		.byte	0
 1776 06d3 08       		.byte	8
 1777 06d4 0F       		.byte	15
 1778 06d5 04       		.byte	4
 1779 06d6 30       		.byte	48
 1780 06d7 00       		.byte	0
 1781 06d8 08       		.byte	8
 1782 06d9 21       		.byte	33
 1783 06da 00       		.byte	0
 1784 06db 06       		.byte	6
 1785 06dc 04       		.byte	4
 1786 06dd 00       		.byte	0
 1787 06de 00       		.byte	0
 1788 06df 00       		.byte	0
 1789 06e0 0C       		.byte	12
 1790 06e1 27       		.byte	39
 1791 06e2 00       		.byte	0
 1792 06e3 00       		.byte	0
 1793 06e4 00       		.byte	0
 1794 06e5 26       		.byte	38
 1795 06e6 13       		.byte	19
 1796 06e7 01       		.byte	1
 1797 06e8 0F       		.byte	15
 1798 06e9 20       		.byte	32
 1799 06ea 00       		.byte	0
 1800 06eb 00       		.byte	0
 1801 06ec 20       		.byte	32
 1802 06ed 07       		.byte	7
 1803 06ee 1C       		.byte	28
 1804 06ef 18       		.byte	24
 1805 06f0 20       		.byte	32
 1806 06f1 00       		.byte	0
 1807 06f2 8A       		.byte	-118
 1808 06f3 00       		.byte	0
 1809 06f4 00       		.byte	0
 1810 06f5 00       		.byte	0
 1811 06f6 00       		.byte	0
 1812 06f7 41       		.byte	65
 1813 06f8 45       		.byte	69
 1814 06f9 03       		.byte	3
 1815 06fa 02       		.byte	2
 1816 06fb 00       		.byte	0
 1817 06fc 01       		.byte	1
 1818 06fd 0E       		.byte	14
 1819 06fe C0       		.byte	-64
 1820 06ff 00       		.byte	0
 1821 0700 09       		.byte	9
 1822 0701 FF       		.byte	-1
 1823 0702 FF       		.byte	-1
 1824 0703 FF       		.byte	-1
ARM GAS  C:\Users\ryant\AppData\Local\Temp\ccxM225d.s 			page 33


 1825 0704 62       		.byte	98
 1826 0705 A0       		.byte	-96
 1827 0706 F0       		.byte	-16
 1828 0707 41       		.byte	65
 1829 0708 0C       		.byte	12
 1830 0709 00       		.byte	0
 1831 070a 00       		.byte	0
 1832 070b 00       		.byte	0
 1833 070c 00       		.byte	0
 1834 070d 00       		.byte	0
 1835 070e 02       		.byte	2
 1836 070f 13       		.byte	19
 1837 0710 04       		.byte	4
 1838 0711 04       		.byte	4
 1839 0712 04       		.byte	4
 1840 0713 04       		.byte	4
 1841 0714 22       		.byte	34
 1842 0715 22       		.byte	34
 1843 0716 00       		.byte	0
 1844 0717 01       		.byte	1
 1845 0718 00       		.byte	0
 1846 0719 00       		.byte	0
 1847 071a 00       		.byte	0
 1848 071b 00       		.byte	0
 1849 071c 00       		.byte	0
 1850 071d 00       		.byte	0
 1851 071e 40       		.byte	64
 1852 071f 02       		.byte	2
 1853 0720 00       		.byte	0
 1854 0721 10       		.byte	16
 1855 0722 30       		.byte	48
 1856 0723 10       		.byte	16
 1857 0724 00       		.byte	0
 1858 0725 10       		.byte	16
 1859 0726 10       		.byte	16
 1860 0727 12       		.byte	18
 1861 0728 00       		.byte	0
 1862 0729 00       		.byte	0
 1863 072a 00       		.byte	0
 1864 072b 00       		.byte	0
 1865 072c 00       		.byte	0
 1866 072d 00       		.byte	0
 1867 072e 00       		.byte	0
 1868 072f 00       		.byte	0
 1869 0730 00       		.byte	0
 1870 0731 00       		.byte	0
 1871 0732 00       		.byte	0
 1872 0733 00       		.byte	0
 1873 0734 00       		.byte	0
 1874 0735 00       		.byte	0
 1875 0736 00       		.byte	0
 1876 0737 00       		.byte	0
 1877 0738 00       		.byte	0
 1878 0739 0B       		.byte	11
 1879 073a 0B       		.byte	11
 1880 073b 00       		.byte	0
 1881 073c 00       		.byte	0
ARM GAS  C:\Users\ryant\AppData\Local\Temp\ccxM225d.s 			page 34


 1882 073d 00       		.byte	0
 1883 073e 00       		.byte	0
 1884 073f 00       		.byte	0
 1885 0740 00       		.byte	0
 1886 0741 7F       		.byte	127
 1887 0742 7F       		.byte	127
 1888 0743 00       		.byte	0
 1889 0744 00       		.byte	0
 1890 0745 00       		.byte	0
 1891 0746 00       		.byte	0
 1892 0747 00       		.byte	0
 1893 0748 68       		.byte	104
 1894 0749 15       		.byte	21
 1895 074a 15       		.byte	21
 1896 074b 00       		.byte	0
 1897 074c 15       		.byte	21
 1898 074d 00       		.byte	0
 1899 074e 82       		.byte	-126
 1900 074f 00       		.byte	0
 1901 0750 01       		.byte	1
 1902 0751 05       		.byte	5
 1903 0752 04       		.byte	4
 1904 0753 00       		.byte	0
 1905 0754 00       		.byte	0
 1906 0755 00       		.byte	0
 1907 0756 00       		.byte	0
 1908 0757 00       		.byte	0
 1909 0758 40       		.byte	64
 1910 0759 00       		.byte	0
 1911 075a 01       		.byte	1
 1912 075b 4C       		.byte	76
 1913 075c 4C       		.byte	76
 1914 075d 00       		.byte	0
 1915 075e 4C       		.byte	76
 1916 075f 00       		.byte	0
 1917 0760 00       		.byte	0
 1918 0761 00       		.byte	0
 1919 0762 00       		.byte	0
 1920 0763 00       		.byte	0
 1921 0764 01       		.byte	1
 1922 0765 00       		.byte	0
 1923 0766 18       		.byte	24
 1924 0767 01       		.byte	1
 1925              		.section	.cywolatch,"a",%progbits
 1926              		.align	2
 1927              		.type	cy_meta_wonvl, %object
 1928              		.size	cy_meta_wonvl, 4
 1929              	cy_meta_wonvl:
 1930 0000 BC       		.byte	-68
 1931 0001 90       		.byte	-112
 1932 0002 AC       		.byte	-84
 1933 0003 AF       		.byte	-81
 1934              		.section	.cycustnvl,"a",%progbits
 1935              		.align	2
 1936              		.type	cy_meta_custnvl, %object
 1937              		.size	cy_meta_custnvl, 4
 1938              	cy_meta_custnvl:
ARM GAS  C:\Users\ryant\AppData\Local\Temp\ccxM225d.s 			page 35


 1939 0000 00       		.byte	0
 1940 0001 00       		.byte	0
 1941 0002 40       		.byte	64
 1942 0003 05       		.byte	5
 1943              		.section	.cymeta,"a",%progbits
 1944              		.align	2
 1945              		.type	cy_metadata, %object
 1946              		.size	cy_metadata, 12
 1947              	cy_metadata:
 1948 0000 00       		.byte	0
 1949 0001 01       		.byte	1
 1950 0002 2E       		.byte	46
 1951 0003 12       		.byte	18
 1952 0004 30       		.byte	48
 1953 0005 69       		.byte	105
 1954 0006 00       		.byte	0
 1955 0007 01       		.byte	1
 1956 0008 00       		.byte	0
 1957 0009 00       		.byte	0
 1958 000a 00       		.byte	0
 1959 000b 00       		.byte	0
 1960              		.section	.cyflashprotect,"a",%progbits
 1961              		.align	2
 1962              		.type	cy_meta_flashprotect, %object
 1963              		.size	cy_meta_flashprotect, 256
 1964              	cy_meta_flashprotect:
 1965 0000 00000000 		.space	256
 1965      00000000 
 1965      00000000 
 1965      00000000 
 1965      00000000 
 1966              		.text
 1967              	.Letext0:
 1968              		.file 1 "c:\\program files (x86)\\cypress\\psoc creator\\4.2\\psoc creator\\import\\gnu\\arm\\5.4.
 1969              		.file 2 "c:\\program files (x86)\\cypress\\psoc creator\\4.2\\psoc creator\\import\\gnu\\arm\\5.4.
 1970              		.file 3 "Generated_Source\\PSoC5\\cymetadata.c"
 1971              		.section	.debug_info,"",%progbits
 1972              	.Ldebug_info0:
 1973 0000 35010000 		.4byte	0x135
 1974 0004 0400     		.2byte	0x4
 1975 0006 00000000 		.4byte	.Ldebug_abbrev0
 1976 000a 04       		.byte	0x4
 1977 000b 01       		.uleb128 0x1
 1978 000c 8D000000 		.4byte	.LASF17
 1979 0010 0C       		.byte	0xc
 1980 0011 E7010000 		.4byte	.LASF18
 1981 0015 0A000000 		.4byte	.LASF19
 1982 0019 00000000 		.4byte	.Ldebug_line0
 1983 001d 02       		.uleb128 0x2
 1984 001e 01       		.byte	0x1
 1985 001f 06       		.byte	0x6
 1986 0020 DB010000 		.4byte	.LASF0
 1987 0024 03       		.uleb128 0x3
 1988 0025 00000000 		.4byte	.LASF9
 1989 0029 01       		.byte	0x1
 1990 002a 1D       		.byte	0x1d
 1991 002b 2F000000 		.4byte	0x2f
ARM GAS  C:\Users\ryant\AppData\Local\Temp\ccxM225d.s 			page 36


 1992 002f 02       		.uleb128 0x2
 1993 0030 01       		.byte	0x1
 1994 0031 08       		.byte	0x8
 1995 0032 7F000000 		.4byte	.LASF1
 1996 0036 02       		.uleb128 0x2
 1997 0037 02       		.byte	0x2
 1998 0038 05       		.byte	0x5
 1999 0039 C8010000 		.4byte	.LASF2
 2000 003d 02       		.uleb128 0x2
 2001 003e 02       		.byte	0x2
 2002 003f 07       		.byte	0x7
 2003 0040 2D010000 		.4byte	.LASF3
 2004 0044 02       		.uleb128 0x2
 2005 0045 04       		.byte	0x4
 2006 0046 05       		.byte	0x5
 2007 0047 D2010000 		.4byte	.LASF4
 2008 004b 02       		.uleb128 0x2
 2009 004c 04       		.byte	0x4
 2010 004d 07       		.byte	0x7
 2011 004e 1B010000 		.4byte	.LASF5
 2012 0052 02       		.uleb128 0x2
 2013 0053 08       		.byte	0x8
 2014 0054 05       		.byte	0x5
 2015 0055 BA010000 		.4byte	.LASF6
 2016 0059 02       		.uleb128 0x2
 2017 005a 08       		.byte	0x8
 2018 005b 07       		.byte	0x7
 2019 005c 6F010000 		.4byte	.LASF7
 2020 0060 04       		.uleb128 0x4
 2021 0061 04       		.byte	0x4
 2022 0062 05       		.byte	0x5
 2023 0063 696E7400 		.ascii	"int\000"
 2024 0067 02       		.uleb128 0x2
 2025 0068 04       		.byte	0x4
 2026 0069 07       		.byte	0x7
 2027 006a 62010000 		.4byte	.LASF8
 2028 006e 03       		.uleb128 0x3
 2029 006f 86010000 		.4byte	.LASF10
 2030 0073 02       		.byte	0x2
 2031 0074 18       		.byte	0x18
 2032 0075 24000000 		.4byte	0x24
 2033 0079 05       		.uleb128 0x5
 2034 007a 91000000 		.4byte	0x91
 2035 007e 8A000000 		.4byte	0x8a
 2036 0082 06       		.uleb128 0x6
 2037 0083 8A000000 		.4byte	0x8a
 2038 0087 6707     		.2byte	0x767
 2039 0089 00       		.byte	0
 2040 008a 02       		.uleb128 0x2
 2041 008b 04       		.byte	0x4
 2042 008c 07       		.byte	0x7
 2043 008d B1010000 		.4byte	.LASF11
 2044 0091 07       		.uleb128 0x7
 2045 0092 6E000000 		.4byte	0x6e
 2046 0096 08       		.uleb128 0x8
 2047 0097 50010000 		.4byte	.LASF12
 2048 009b 03       		.byte	0x3
ARM GAS  C:\Users\ryant\AppData\Local\Temp\ccxM225d.s 			page 37


 2049 009c 1F       		.byte	0x1f
 2050 009d A7000000 		.4byte	0xa7
 2051 00a1 05       		.uleb128 0x5
 2052 00a2 03       		.byte	0x3
 2053 00a3 00000000 		.4byte	cy_meta_configecc
 2054 00a7 07       		.uleb128 0x7
 2055 00a8 79000000 		.4byte	0x79
 2056 00ac 05       		.uleb128 0x5
 2057 00ad 91000000 		.4byte	0x91
 2058 00b1 BC000000 		.4byte	0xbc
 2059 00b5 09       		.uleb128 0x9
 2060 00b6 8A000000 		.4byte	0x8a
 2061 00ba 03       		.byte	0x3
 2062 00bb 00       		.byte	0
 2063 00bc 0A       		.uleb128 0xa
 2064 00bd 40010000 		.4byte	.LASF13
 2065 00c1 03       		.byte	0x3
 2066 00c2 1901     		.2byte	0x119
 2067 00c4 CE000000 		.4byte	0xce
 2068 00c8 05       		.uleb128 0x5
 2069 00c9 03       		.byte	0x3
 2070 00ca 00000000 		.4byte	cy_meta_custnvl
 2071 00ce 07       		.uleb128 0x7
 2072 00cf AC000000 		.4byte	0xac
 2073 00d3 0A       		.uleb128 0xa
 2074 00d4 A3010000 		.4byte	.LASF14
 2075 00d8 03       		.byte	0x3
 2076 00d9 2701     		.2byte	0x127
 2077 00db E5000000 		.4byte	0xe5
 2078 00df 05       		.uleb128 0x5
 2079 00e0 03       		.byte	0x3
 2080 00e1 00000000 		.4byte	cy_meta_wonvl
 2081 00e5 07       		.uleb128 0x7
 2082 00e6 AC000000 		.4byte	0xac
 2083 00ea 05       		.uleb128 0x5
 2084 00eb 91000000 		.4byte	0x91
 2085 00ef FA000000 		.4byte	0xfa
 2086 00f3 09       		.uleb128 0x9
 2087 00f4 8A000000 		.4byte	0x8a
 2088 00f8 FF       		.byte	0xff
 2089 00f9 00       		.byte	0
 2090 00fa 0A       		.uleb128 0xa
 2091 00fb 8E010000 		.4byte	.LASF15
 2092 00ff 03       		.byte	0x3
 2093 0100 3501     		.2byte	0x135
 2094 0102 0C010000 		.4byte	0x10c
 2095 0106 05       		.uleb128 0x5
 2096 0107 03       		.byte	0x3
 2097 0108 00000000 		.4byte	cy_meta_flashprotect
 2098 010c 07       		.uleb128 0x7
 2099 010d EA000000 		.4byte	0xea
 2100 0111 05       		.uleb128 0x5
 2101 0112 91000000 		.4byte	0x91
 2102 0116 21010000 		.4byte	0x121
 2103 011a 09       		.uleb128 0x9
 2104 011b 8A000000 		.4byte	0x8a
 2105 011f 0B       		.byte	0xb
ARM GAS  C:\Users\ryant\AppData\Local\Temp\ccxM225d.s 			page 38


 2106 0120 00       		.byte	0
 2107 0121 0A       		.uleb128 0xa
 2108 0122 73000000 		.4byte	.LASF16
 2109 0126 03       		.byte	0x3
 2110 0127 6201     		.2byte	0x162
 2111 0129 33010000 		.4byte	0x133
 2112 012d 05       		.uleb128 0x5
 2113 012e 03       		.byte	0x3
 2114 012f 00000000 		.4byte	cy_metadata
 2115 0133 07       		.uleb128 0x7
 2116 0134 11010000 		.4byte	0x111
 2117 0138 00       		.byte	0
 2118              		.section	.debug_abbrev,"",%progbits
 2119              	.Ldebug_abbrev0:
 2120 0000 01       		.uleb128 0x1
 2121 0001 11       		.uleb128 0x11
 2122 0002 01       		.byte	0x1
 2123 0003 25       		.uleb128 0x25
 2124 0004 0E       		.uleb128 0xe
 2125 0005 13       		.uleb128 0x13
 2126 0006 0B       		.uleb128 0xb
 2127 0007 03       		.uleb128 0x3
 2128 0008 0E       		.uleb128 0xe
 2129 0009 1B       		.uleb128 0x1b
 2130 000a 0E       		.uleb128 0xe
 2131 000b 10       		.uleb128 0x10
 2132 000c 17       		.uleb128 0x17
 2133 000d 00       		.byte	0
 2134 000e 00       		.byte	0
 2135 000f 02       		.uleb128 0x2
 2136 0010 24       		.uleb128 0x24
 2137 0011 00       		.byte	0
 2138 0012 0B       		.uleb128 0xb
 2139 0013 0B       		.uleb128 0xb
 2140 0014 3E       		.uleb128 0x3e
 2141 0015 0B       		.uleb128 0xb
 2142 0016 03       		.uleb128 0x3
 2143 0017 0E       		.uleb128 0xe
 2144 0018 00       		.byte	0
 2145 0019 00       		.byte	0
 2146 001a 03       		.uleb128 0x3
 2147 001b 16       		.uleb128 0x16
 2148 001c 00       		.byte	0
 2149 001d 03       		.uleb128 0x3
 2150 001e 0E       		.uleb128 0xe
 2151 001f 3A       		.uleb128 0x3a
 2152 0020 0B       		.uleb128 0xb
 2153 0021 3B       		.uleb128 0x3b
 2154 0022 0B       		.uleb128 0xb
 2155 0023 49       		.uleb128 0x49
 2156 0024 13       		.uleb128 0x13
 2157 0025 00       		.byte	0
 2158 0026 00       		.byte	0
 2159 0027 04       		.uleb128 0x4
 2160 0028 24       		.uleb128 0x24
 2161 0029 00       		.byte	0
 2162 002a 0B       		.uleb128 0xb
ARM GAS  C:\Users\ryant\AppData\Local\Temp\ccxM225d.s 			page 39


 2163 002b 0B       		.uleb128 0xb
 2164 002c 3E       		.uleb128 0x3e
 2165 002d 0B       		.uleb128 0xb
 2166 002e 03       		.uleb128 0x3
 2167 002f 08       		.uleb128 0x8
 2168 0030 00       		.byte	0
 2169 0031 00       		.byte	0
 2170 0032 05       		.uleb128 0x5
 2171 0033 01       		.uleb128 0x1
 2172 0034 01       		.byte	0x1
 2173 0035 49       		.uleb128 0x49
 2174 0036 13       		.uleb128 0x13
 2175 0037 01       		.uleb128 0x1
 2176 0038 13       		.uleb128 0x13
 2177 0039 00       		.byte	0
 2178 003a 00       		.byte	0
 2179 003b 06       		.uleb128 0x6
 2180 003c 21       		.uleb128 0x21
 2181 003d 00       		.byte	0
 2182 003e 49       		.uleb128 0x49
 2183 003f 13       		.uleb128 0x13
 2184 0040 2F       		.uleb128 0x2f
 2185 0041 05       		.uleb128 0x5
 2186 0042 00       		.byte	0
 2187 0043 00       		.byte	0
 2188 0044 07       		.uleb128 0x7
 2189 0045 26       		.uleb128 0x26
 2190 0046 00       		.byte	0
 2191 0047 49       		.uleb128 0x49
 2192 0048 13       		.uleb128 0x13
 2193 0049 00       		.byte	0
 2194 004a 00       		.byte	0
 2195 004b 08       		.uleb128 0x8
 2196 004c 34       		.uleb128 0x34
 2197 004d 00       		.byte	0
 2198 004e 03       		.uleb128 0x3
 2199 004f 0E       		.uleb128 0xe
 2200 0050 3A       		.uleb128 0x3a
 2201 0051 0B       		.uleb128 0xb
 2202 0052 3B       		.uleb128 0x3b
 2203 0053 0B       		.uleb128 0xb
 2204 0054 49       		.uleb128 0x49
 2205 0055 13       		.uleb128 0x13
 2206 0056 3F       		.uleb128 0x3f
 2207 0057 19       		.uleb128 0x19
 2208 0058 02       		.uleb128 0x2
 2209 0059 18       		.uleb128 0x18
 2210 005a 00       		.byte	0
 2211 005b 00       		.byte	0
 2212 005c 09       		.uleb128 0x9
 2213 005d 21       		.uleb128 0x21
 2214 005e 00       		.byte	0
 2215 005f 49       		.uleb128 0x49
 2216 0060 13       		.uleb128 0x13
 2217 0061 2F       		.uleb128 0x2f
 2218 0062 0B       		.uleb128 0xb
 2219 0063 00       		.byte	0
ARM GAS  C:\Users\ryant\AppData\Local\Temp\ccxM225d.s 			page 40


 2220 0064 00       		.byte	0
 2221 0065 0A       		.uleb128 0xa
 2222 0066 34       		.uleb128 0x34
 2223 0067 00       		.byte	0
 2224 0068 03       		.uleb128 0x3
 2225 0069 0E       		.uleb128 0xe
 2226 006a 3A       		.uleb128 0x3a
 2227 006b 0B       		.uleb128 0xb
 2228 006c 3B       		.uleb128 0x3b
 2229 006d 05       		.uleb128 0x5
 2230 006e 49       		.uleb128 0x49
 2231 006f 13       		.uleb128 0x13
 2232 0070 3F       		.uleb128 0x3f
 2233 0071 19       		.uleb128 0x19
 2234 0072 02       		.uleb128 0x2
 2235 0073 18       		.uleb128 0x18
 2236 0074 00       		.byte	0
 2237 0075 00       		.byte	0
 2238 0076 00       		.byte	0
 2239              		.section	.debug_aranges,"",%progbits
 2240 0000 14000000 		.4byte	0x14
 2241 0004 0200     		.2byte	0x2
 2242 0006 00000000 		.4byte	.Ldebug_info0
 2243 000a 04       		.byte	0x4
 2244 000b 00       		.byte	0
 2245 000c 0000     		.2byte	0
 2246 000e 0000     		.2byte	0
 2247 0010 00000000 		.4byte	0
 2248 0014 00000000 		.4byte	0
 2249              		.section	.debug_line,"",%progbits
 2250              	.Ldebug_line0:
 2251 0000 3D010000 		.section	.debug_str,"MS",%progbits,1
 2251      02003701 
 2251      00000201 
 2251      FB0E0D00 
 2251      01010101 
 2252              	.LASF9:
 2253 0000 5F5F7569 		.ascii	"__uint8_t\000"
 2253      6E74385F 
 2253      7400
 2254              	.LASF19:
 2255 000a 433A5C55 		.ascii	"C:\\Users\\ryant\\Documents\\Princeton\\!S20-21\\EL"
 2255      73657273 
 2255      5C727961 
 2255      6E745C44 
 2255      6F63756D 
 2256 0037 45333032 		.ascii	"E302\\current_code_repo\\carlab\\nav_control\\nav_c"
 2256      5C637572 
 2256      72656E74 
 2256      5F636F64 
 2256      655F7265 
 2257 0066 6F6E7472 		.ascii	"ontrol.cydsn\000"
 2257      6F6C2E63 
 2257      7964736E 
 2257      00
 2258              	.LASF16:
 2259 0073 63795F6D 		.ascii	"cy_metadata\000"
ARM GAS  C:\Users\ryant\AppData\Local\Temp\ccxM225d.s 			page 41


 2259      65746164 
 2259      61746100 
 2260              	.LASF1:
 2261 007f 756E7369 		.ascii	"unsigned char\000"
 2261      676E6564 
 2261      20636861 
 2261      7200
 2262              	.LASF17:
 2263 008d 474E5520 		.ascii	"GNU C11 5.4.1 20160609 (release) [ARM/embedded-5-br"
 2263      43313120 
 2263      352E342E 
 2263      31203230 
 2263      31363036 
 2264 00c0 616E6368 		.ascii	"anch revision 237715] -mcpu=cortex-m3 -mthumb -g -O"
 2264      20726576 
 2264      6973696F 
 2264      6E203233 
 2264      37373135 
 2265 00f3 67202D66 		.ascii	"g -ffunction-sections -ffat-lto-objects\000"
 2265      66756E63 
 2265      74696F6E 
 2265      2D736563 
 2265      74696F6E 
 2266              	.LASF5:
 2267 011b 6C6F6E67 		.ascii	"long unsigned int\000"
 2267      20756E73 
 2267      69676E65 
 2267      6420696E 
 2267      7400
 2268              	.LASF3:
 2269 012d 73686F72 		.ascii	"short unsigned int\000"
 2269      7420756E 
 2269      7369676E 
 2269      65642069 
 2269      6E7400
 2270              	.LASF13:
 2271 0140 63795F6D 		.ascii	"cy_meta_custnvl\000"
 2271      6574615F 
 2271      63757374 
 2271      6E766C00 
 2272              	.LASF12:
 2273 0150 63795F6D 		.ascii	"cy_meta_configecc\000"
 2273      6574615F 
 2273      636F6E66 
 2273      69676563 
 2273      6300
 2274              	.LASF8:
 2275 0162 756E7369 		.ascii	"unsigned int\000"
 2275      676E6564 
 2275      20696E74 
 2275      00
 2276              	.LASF7:
 2277 016f 6C6F6E67 		.ascii	"long long unsigned int\000"
 2277      206C6F6E 
 2277      6720756E 
 2277      7369676E 
 2277      65642069 
ARM GAS  C:\Users\ryant\AppData\Local\Temp\ccxM225d.s 			page 42


 2278              	.LASF10:
 2279 0186 75696E74 		.ascii	"uint8_t\000"
 2279      385F7400 
 2280              	.LASF15:
 2281 018e 63795F6D 		.ascii	"cy_meta_flashprotect\000"
 2281      6574615F 
 2281      666C6173 
 2281      6870726F 
 2281      74656374 
 2282              	.LASF14:
 2283 01a3 63795F6D 		.ascii	"cy_meta_wonvl\000"
 2283      6574615F 
 2283      776F6E76 
 2283      6C00
 2284              	.LASF11:
 2285 01b1 73697A65 		.ascii	"sizetype\000"
 2285      74797065 
 2285      00
 2286              	.LASF6:
 2287 01ba 6C6F6E67 		.ascii	"long long int\000"
 2287      206C6F6E 
 2287      6720696E 
 2287      7400
 2288              	.LASF2:
 2289 01c8 73686F72 		.ascii	"short int\000"
 2289      7420696E 
 2289      7400
 2290              	.LASF4:
 2291 01d2 6C6F6E67 		.ascii	"long int\000"
 2291      20696E74 
 2291      00
 2292              	.LASF0:
 2293 01db 7369676E 		.ascii	"signed char\000"
 2293      65642063 
 2293      68617200 
 2294              	.LASF18:
 2295 01e7 47656E65 		.ascii	"Generated_Source\\PSoC5\\cymetadata.c\000"
 2295      72617465 
 2295      645F536F 
 2295      75726365 
 2295      5C50536F 
 2296              		.ident	"GCC: (GNU Tools for ARM Embedded Processors) 5.4.1 20160609 (release) [ARM/embedded-5-bran
